TN:
SF:src\app.ts
FN:10,(anonymous_1)
FN:16,(anonymous_2)
FN:21,(anonymous_3)
FNF:3
FNH:3
FNDA:2,(anonymous_1)
FNDA:2,(anonymous_2)
FNDA:2,(anonymous_3)
DA:1,2
DA:2,2
DA:4,2
DA:11,2
DA:12,2
DA:13,2
DA:17,2
DA:18,2
DA:22,2
DA:26,2
LF:10
LH:10
BRF:0
BRH:0
end_of_record
TN:
SF:src\routes.ts
FNF:0
FNH:0
DA:1,2
DA:3,2
DA:4,2
DA:6,2
DA:8,2
DA:9,2
DA:10,2
DA:11,2
DA:13,2
LF:9
LH:9
BRF:0
BRH:0
end_of_record
TN:
SF:src\controllers\AuthUser.ts
FN:11,(anonymous_1)
FN:22,(anonymous_2)
FN:45,(anonymous_3)
FNF:3
FNH:3
FNDA:2,(anonymous_1)
FNDA:2,(anonymous_2)
FNDA:2,(anonymous_3)
DA:3,2
DA:4,2
DA:5,2
DA:7,2
DA:12,2
DA:14,2
DA:15,2
DA:16,1
DA:19,1
DA:23,2
DA:25,2
DA:26,2
DA:27,1
DA:30,1
DA:41,1
DA:42,1
DA:46,2
DA:47,2
DA:48,1
DA:50,1
DA:55,2
LF:21
LH:21
BRDA:15,0,0,1
BRDA:26,1,0,1
BRDA:47,2,0,1
BRF:3
BRH:3
end_of_record
TN:
SF:src\controllers\BankTransfer.ts
FN:15,(anonymous_1)
FNF:1
FNH:1
FNDA:8,(anonymous_1)
DA:4,2
DA:5,2
DA:7,2
DA:8,2
DA:11,2
DA:12,2
DA:16,8
DA:20,8
DA:21,8
DA:22,1
DA:25,7
DA:26,2
DA:29,5
DA:30,1
DA:34,4
DA:35,4
DA:37,4
DA:38,1
DA:42,3
DA:43,1
DA:48,2
DA:49,2
DA:50,1
DA:52,1
DA:57,1
DA:58,1
DA:59,1
DA:60,1
DA:62,1
DA:63,1
DA:65,1
DA:74,2
LF:32
LH:32
BRDA:21,0,0,1
BRDA:25,1,0,2
BRDA:29,2,0,1
BRDA:37,3,0,1
BRDA:42,4,0,1
BRDA:49,5,0,1
BRDA:49,5,1,1
BRDA:57,6,0,1
BRDA:57,7,0,1
BRDA:57,7,1,1
BRDA:57,7,2,1
BRF:11
BRH:11
end_of_record
TN:
SF:src\data\data.ts
FNF:0
FNH:0
DA:1,4
DA:71,4
LF:2
LH:2
BRF:0
BRH:0
end_of_record
TN:
SF:src\models\Transfer.ts
FN:5,(anonymous_0)
FNF:1
FNH:1
FNDA:2,(anonymous_0)
DA:1,2
DA:3,2
DA:6,2
DA:16,2
LF:4
LH:4
BRF:0
BRH:0
end_of_record
TN:
SF:src\models\User.ts
FN:5,(anonymous_0)
FNF:1
FNH:1
FNDA:2,(anonymous_0)
DA:1,2
DA:3,2
DA:6,2
DA:11,2
DA:17,2
DA:39,2
LF:6
LH:6
BRF:0
BRH:0
end_of_record
TN:
SF:src\services\AuthUserService.ts
FN:9,(anonymous_1)
FN:10,(anonymous_2)
FNF:2
FNH:2
FNDA:10,(anonymous_1)
FNDA:15,(anonymous_2)
DA:1,3
DA:10,15
DA:14,3
LF:3
LH:3
BRDA:10,0,0,15
BRDA:10,0,1,6
BRF:2
BRH:2
end_of_record
TN:
SF:src\services\BankTransferService.ts
FN:12,(anonymous_1)
FN:24,(anonymous_2)
FN:32,(anonymous_3)
FN:33,(anonymous_4)
FN:36,(anonymous_5)
FN:46,(anonymous_6)
FNF:6
FNH:6
FNDA:12,(anonymous_1)
FNDA:9,(anonymous_2)
FNDA:4,(anonymous_3)
FNDA:4,(anonymous_4)
FNDA:4,(anonymous_5)
FNDA:3,(anonymous_6)
DA:3,3
DA:13,12
DA:14,2
DA:16,10
DA:17,4
DA:19,6
DA:20,2
DA:25,9
DA:26,2
DA:27,7
DA:28,3
DA:33,4
DA:37,4
DA:47,3
DA:55,3
DA:59,3
LF:16
LH:16
BRDA:13,0,0,2
BRDA:13,1,0,12
BRDA:13,1,1,5
BRDA:16,2,0,4
BRDA:16,3,0,10
BRDA:16,3,1,3
BRDA:16,3,2,9
BRDA:19,4,0,2
BRDA:19,5,0,6
BRDA:19,5,1,6
BRDA:25,6,0,2
BRDA:25,6,1,7
BRDA:25,7,0,9
BRDA:25,7,1,6
BRDA:25,7,2,2
BRDA:27,8,0,3
BRDA:33,9,0,4
BRDA:33,9,1,1
BRDA:38,10,0,1
BRDA:38,10,1,3
BRDA:39,11,0,2
BRDA:39,11,1,2
BRDA:40,12,0,1
BRDA:40,12,1,3
BRDA:41,13,0,3
BRDA:41,13,1,1
BRDA:42,14,0,3
BRDA:42,14,1,1
BRF:28
BRH:28
end_of_record
